<?xml version="1.0" encoding="UTF-8"?>
<!-- Generated by org.testng.reporters.JUnitReportReporter -->
<testsuite hostname="LAPTOP-9R8MK8BD" failures="0" tests="2" name="ui_functional_test.test_hrm" time="14.821" errors="1" timestamp="2021-05-10T05:50:20 CEST" skipped="0">
  <testcase classname="ui_functional_test.test_hrm" name="verify_addnewemployee" time="10.482">
    <error message="no such element: Unable to locate element: {&quot;method&quot;:&quot;css selector&quot;,&quot;selector&quot;:&quot;input#btnAdd&quot;}
  (Session info: chrome=90.0.4430.93)
For documentation on this error, please visit: https://www.seleniumhq.org/exceptions/no_such_element.html
Build info: version: &#039;3.141.59&#039;, revision: &#039;e82be7d358&#039;, time: &#039;2018-11-14T08:25:48&#039;
System info: host: &#039;LAPTOP-9R8MK8BD&#039;, ip: &#039;192.168.0.19&#039;, os.name: &#039;Windows 10&#039;, os.arch: &#039;amd64&#039;, os.version: &#039;10.0&#039;, java.version: &#039;16.0.1&#039;
Driver info: org.openqa.selenium.chrome.ChromeDriver
Capabilities {acceptInsecureCerts: false, browserName: chrome, browserVersion: 90.0.4430.93, chrome: {chromedriverVersion: 90.0.4430.24 (4c6d850f087da..., userDataDir: C:\Users\VIBHUS~1\AppData\L...}, goog:chromeOptions: {debuggerAddress: localhost:60493}, javascriptEnabled: true, networkConnectionEnabled: false, pageLoadStrategy: normal, platform: WINDOWS, platformName: WINDOWS, proxy: Proxy(), setWindowRect: true, strictFileInteractability: false, timeouts: {implicit: 0, pageLoad: 300000, script: 30000}, unhandledPromptBehavior: dismiss and notify, webauthn:extension:largeBlob: true, webauthn:virtualAuthenticators: true}
Session ID: 4ef570c7f2d3d71be47fed519ee65e7d
*** Element info: {Using=css selector, value=input#btnAdd}" type="org.openqa.selenium.NoSuchElementException">
      <![CDATA[org.openqa.selenium.NoSuchElementException: no such element: Unable to locate element: {"method":"css selector","selector":"input#btnAdd"}
  (Session info: chrome=90.0.4430.93)
For documentation on this error, please visit: https://www.seleniumhq.org/exceptions/no_such_element.html
Build info: version: '3.141.59', revision: 'e82be7d358', time: '2018-11-14T08:25:48'
System info: host: 'LAPTOP-9R8MK8BD', ip: '192.168.0.19', os.name: 'Windows 10', os.arch: 'amd64', os.version: '10.0', java.version: '16.0.1'
Driver info: org.openqa.selenium.chrome.ChromeDriver
Capabilities {acceptInsecureCerts: false, browserName: chrome, browserVersion: 90.0.4430.93, chrome: {chromedriverVersion: 90.0.4430.24 (4c6d850f087da..., userDataDir: C:\Users\VIBHUS~1\AppData\L...}, goog:chromeOptions: {debuggerAddress: localhost:60493}, javascriptEnabled: true, networkConnectionEnabled: false, pageLoadStrategy: normal, platform: WINDOWS, platformName: WINDOWS, proxy: Proxy(), setWindowRect: true, strictFileInteractability: false, timeouts: {implicit: 0, pageLoad: 300000, script: 30000}, unhandledPromptBehavior: dismiss and notify, webauthn:extension:largeBlob: true, webauthn:virtualAuthenticators: true}
Session ID: 4ef570c7f2d3d71be47fed519ee65e7d
*** Element info: {Using=css selector, value=input#btnAdd}
at java.base/jdk.internal.reflect.NativeConstructorAccessorImpl.newInstance0(Native Method)
at java.base/jdk.internal.reflect.NativeConstructorAccessorImpl.newInstance(NativeConstructorAccessorImpl.java:78)
at java.base/jdk.internal.reflect.DelegatingConstructorAccessorImpl.newInstance(DelegatingConstructorAccessorImpl.java:45)
at java.base/java.lang.reflect.Constructor.newInstanceWithCaller(Constructor.java:499)
at java.base/java.lang.reflect.Constructor.newInstance(Constructor.java:480)
at org.openqa.selenium.remote.http.W3CHttpResponseCodec.createException(W3CHttpResponseCodec.java:187)
at org.openqa.selenium.remote.http.W3CHttpResponseCodec.decode(W3CHttpResponseCodec.java:122)
at org.openqa.selenium.remote.http.W3CHttpResponseCodec.decode(W3CHttpResponseCodec.java:49)
at org.openqa.selenium.remote.HttpCommandExecutor.execute(HttpCommandExecutor.java:158)
at org.openqa.selenium.remote.service.DriverCommandExecutor.execute(DriverCommandExecutor.java:83)
at org.openqa.selenium.remote.RemoteWebDriver.execute(RemoteWebDriver.java:552)
at org.openqa.selenium.remote.RemoteWebDriver.findElement(RemoteWebDriver.java:323)
at org.openqa.selenium.remote.RemoteWebDriver.findElementByCssSelector(RemoteWebDriver.java:420)
at org.openqa.selenium.By$ByCssSelector.findElement(By.java:431)
at org.openqa.selenium.remote.RemoteWebDriver.findElement(RemoteWebDriver.java:315)
at ui_functional_test.test_hrm.verify_addnewemployee(test_hrm.java:433)
at java.base/jdk.internal.reflect.NativeMethodAccessorImpl.invoke0(Native Method)
at java.base/jdk.internal.reflect.NativeMethodAccessorImpl.invoke(NativeMethodAccessorImpl.java:78)
at java.base/jdk.internal.reflect.DelegatingMethodAccessorImpl.invoke(DelegatingMethodAccessorImpl.java:43)
at java.base/java.lang.reflect.Method.invoke(Method.java:567)
at org.testng.internal.MethodInvocationHelper.invokeMethod(MethodInvocationHelper.java:133)
at org.testng.internal.TestInvoker.invokeMethod(TestInvoker.java:598)
at org.testng.internal.TestInvoker.invokeTestMethod(TestInvoker.java:173)
at org.testng.internal.MethodRunner.runInSequence(MethodRunner.java:46)
at org.testng.internal.TestInvoker$MethodInvocationAgent.invoke(TestInvoker.java:824)
at org.testng.internal.TestInvoker.invokeTestMethods(TestInvoker.java:146)
at org.testng.internal.TestMethodWorker.invokeTestMethods(TestMethodWorker.java:146)
at org.testng.internal.TestMethodWorker.run(TestMethodWorker.java:128)
at java.base/java.util.ArrayList.forEach(ArrayList.java:1511)
at org.testng.TestRunner.privateRun(TestRunner.java:794)
at org.testng.TestRunner.run(TestRunner.java:596)
at org.testng.SuiteRunner.runTest(SuiteRunner.java:377)
at org.testng.SuiteRunner.runSequentially(SuiteRunner.java:371)
at org.testng.SuiteRunner.privateRun(SuiteRunner.java:332)
at org.testng.SuiteRunner.run(SuiteRunner.java:276)
at org.testng.SuiteRunnerWorker.runSuite(SuiteRunnerWorker.java:53)
at org.testng.SuiteRunnerWorker.run(SuiteRunnerWorker.java:96)
at org.testng.TestNG.runSuitesSequentially(TestNG.java:1212)
at org.testng.TestNG.runSuitesLocally(TestNG.java:1134)
at org.testng.TestNG.runSuites(TestNG.java:1063)
at org.testng.TestNG.run(TestNG.java:1031)
at org.testng.remote.AbstractRemoteTestNG.run(AbstractRemoteTestNG.java:115)
at org.testng.remote.RemoteTestNG.initAndRun(RemoteTestNG.java:251)
at org.testng.remote.RemoteTestNG.main(RemoteTestNG.java:77)
]]>
    </error>
  </testcase> <!-- verify_addnewemployee -->
  <system-out>
    <![CDATA[WebElement : PIM Module available.
Step Name : 
WebElement : PIM Module, ---Description :WebElement : PIM ModuleExists, --- Step Status : Pass
Step Name : 
Menu Item PIM Module, ---Description :Clicked PIM module on Home Page , --- Step Status : Pass
WebElement : Add Employee available.
Step Name : 
WebElement : Add Employee, ---Description :WebElement : Add EmployeeExists, --- Step Status : Pass
WebElement : Input Box First Name  available.
Step Name : 
WebElement : Input Box First Name , ---Description :WebElement : Input Box First Name Exists, --- Step Status : Pass
Step Name : 
Textbox First Name, ---Description :First Name Set value :  Test, --- Step Status : Pass
WebElement : Input Box Last Name  available.
Step Name : 
WebElement : Input Box Last Name , ---Description :WebElement : Input Box Last Name Exists, --- Step Status : Pass
Step Name : 
Textbox First Name, ---Description :Last Name Set value :  Testing, --- Step Status : Pass
WebElement : Save Button available.
Step Name : 
WebElement : Save Button, ---Description :WebElement : Save ButtonExists, --- Step Status : Pass
WebElement : Personal Details Page available.
Step Name : 
WebElement : Personal Details Page, ---Description :WebElement : Personal Details PageExists, --- Step Status : Pass
WebElement : Edit Button available.
Step Name : 
WebElement : Edit Button, ---Description :WebElement : Edit ButtonExists, --- Step Status : Pass
WebElement : SSN Number available.
Step Name : 
WebElement : SSN Number, ---Description :WebElement : SSN NumberExists, --- Step Status : Pass
WebElement : Radio Button:Male available.
Step Name : 
WebElement : Radio Button:Male, ---Description :WebElement : Radio Button:MaleExists, --- Step Status : Pass
Step Name : 
Employee Personal Details Save Button, ---Description :Clicked on on Personal Details save button, --- Step Status : Pass
WebElement : Contact Details available.
Step Name : 
WebElement : Contact Details, ---Description :WebElement : Contact DetailsExists, --- Step Status : Pass
WebElement : Emergency Contacts Page available.
Step Name : 
WebElement : Emergency Contacts Page, ---Description :WebElement : Emergency Contacts PageExists, --- Step Status : Pass
Step Name : 
Add Emergency Contact Button, ---Description :Add Emergency Cotact button visible, --- Step Status : Pass
WebElement : Add Emergency Contact Name Details available.
Step Name : 
WebElement : Add Emergency Contact Name Details, ---Description :WebElement : Add Emergency Contact Name DetailsExists, --- Step Status : Pass
WebElement : Emergency Contact Relationship Details available.
Step Name : 
WebElement : Emergency Contact Relationship Details, ---Description :WebElement : Emergency Contact Relationship DetailsExists, --- Step Status : Pass
WebElement : Emergency Contact Mobile Number Details available.
Step Name : 
WebElement : Emergency Contact Mobile Number Details, ---Description :WebElement : Emergency Contact Mobile Number DetailsExists, --- Step Status : Pass
Step Name : 
Employee Personal Details Save Button, ---Description :Save Emergency Contact, --- Step Status : Pass
WebElement : Dependents Page available.
Step Name : 
WebElement : Dependents Page, ---Description :WebElement : Dependents PageExists, --- Step Status : Pass
WebElement : Dependent Name available.
Step Name : 
WebElement : Dependent Name, ---Description :WebElement : Dependent NameExists, --- Step Status : Pass
Step Name : 
Dependent Relationship, ---Description :Dropdown value : Child selected., --- Step Status : Pass
WebElement : Dependent Date Of Birth Details available.
Step Name : 
WebElement : Dependent Date Of Birth Details, ---Description :WebElement : Dependent Date Of Birth DetailsExists, --- Step Status : Pass
WebElement : Immigration Details Page available.
Step Name : 
WebElement : Immigration Details Page, ---Description :WebElement : Immigration Details PageExists, --- Step Status : Pass]]>
  </system-out>
  <testcase classname="ui_functional_test.test_hrm" name="login" time="4.339"/>
  <system-out>
    <![CDATA[Step Name : 
Input User name, ---Description :Set value for username :admin, --- Step Status : Pass
Step Name : 
Set Input Password, ---Description :Value for Password Set., --- Step Status : Pass
Step Name : 
Welcome Page Displayed, ---Description :Welcome message displayed, --- Step Status : Pass]]>
  </system-out>
</testsuite> <!-- ui_functional_test.test_hrm -->
